{"/Users/fangqiang/Desktop/chris-learning/webpack/webpack-design/hly-webpack-builder/lib/webpack.base.js":{"path":"/Users/fangqiang/Desktop/chris-learning/webpack/webpack-design/hly-webpack-builder/lib/webpack.base.js","s":{"1":1,"2":1,"3":1,"4":1,"5":1,"6":1,"7":1,"8":1,"9":1,"10":1,"11":1,"12":1,"13":1,"14":1,"15":2,"16":2,"17":2,"18":2,"19":2,"20":2,"21":1,"22":1,"23":1,"24":0,"25":0,"26":0,"27":0,"28":0},"b":{"1":[2,2],"2":[0,0],"3":[0,0,0]},"f":{"1":0},"fnMap":{"1":{"name":"errorPlugin","line":111,"loc":{"start":{"line":111,"column":4},"end":{"line":111,"column":27}}}},"statementMap":{"1":{"start":{"line":2,"column":0},"end":{"line":2,"column":29}},"2":{"start":{"line":3,"column":0},"end":{"line":3,"column":29}},"3":{"start":{"line":4,"column":0},"end":{"line":4,"column":45}},"4":{"start":{"line":5,"column":0},"end":{"line":5,"column":57}},"5":{"start":{"line":6,"column":0},"end":{"line":6,"column":64}},"6":{"start":{"line":7,"column":0},"end":{"line":7,"column":63}},"7":{"start":{"line":8,"column":0},"end":{"line":8,"column":76}},"8":{"start":{"line":9,"column":0},"end":{"line":9,"column":78}},"9":{"start":{"line":10,"column":0},"end":{"line":10,"column":34}},"10":{"start":{"line":12,"column":0},"end":{"line":43,"column":2}},"11":{"start":{"line":13,"column":2},"end":{"line":13,"column":19}},"12":{"start":{"line":14,"column":2},"end":{"line":14,"column":32}},"13":{"start":{"line":15,"column":2},"end":{"line":15,"column":75}},"14":{"start":{"line":16,"column":2},"end":{"line":37,"column":7}},"15":{"start":{"line":18,"column":6},"end":{"line":18,"column":40}},"16":{"start":{"line":19,"column":6},"end":{"line":19,"column":60}},"17":{"start":{"line":20,"column":6},"end":{"line":20,"column":41}},"18":{"start":{"line":21,"column":6},"end":{"line":21,"column":34}},"19":{"start":{"line":22,"column":6},"end":{"line":35,"column":10}},"20":{"start":{"line":36,"column":6},"end":{"line":36,"column":17}},"21":{"start":{"line":39,"column":2},"end":{"line":42,"column":4}},"22":{"start":{"line":45,"column":0},"end":{"line":45,"column":47}},"23":{"start":{"line":47,"column":0},"end":{"line":134,"column":2}},"24":{"start":{"line":69,"column":29},"end":{"line":69,"column":41}},"25":{"start":{"line":112,"column":6},"end":{"line":117,"column":9}},"26":{"start":{"line":113,"column":8},"end":{"line":116,"column":9}},"27":{"start":{"line":114,"column":10},"end":{"line":114,"column":37}},"28":{"start":{"line":115,"column":10},"end":{"line":115,"column":26}}},"branchMap":{"1":{"line":20,"type":"binary-expr","locations":[{"start":{"line":20,"column":23},"end":{"line":20,"column":28}},{"start":{"line":20,"column":32},"end":{"line":20,"column":40}}]},"2":{"line":113,"type":"if","locations":[{"start":{"line":113,"column":8},"end":{"line":113,"column":8}},{"start":{"line":113,"column":8},"end":{"line":113,"column":8}}]},"3":{"line":113,"type":"binary-expr","locations":[{"start":{"line":113,"column":12},"end":{"line":113,"column":36}},{"start":{"line":113,"column":40},"end":{"line":113,"column":71}},{"start":{"line":113,"column":75},"end":{"line":113,"column":113}}]}}}}