TN:
SF:/Users/fangqiang/Desktop/chris-learning/webpack/webpack-design/hly-webpack-builder/lib/webpack.base.js
FN:111,errorPlugin
FNF:1
FNH:0
FNDA:0,errorPlugin
DA:2,1
DA:3,1
DA:4,1
DA:5,1
DA:6,1
DA:7,1
DA:8,1
DA:9,1
DA:10,1
DA:12,1
DA:13,1
DA:14,1
DA:15,1
DA:16,1
DA:18,2
DA:19,2
DA:20,2
DA:21,2
DA:22,2
DA:36,2
DA:39,1
DA:45,1
DA:47,1
DA:69,0
DA:112,0
DA:113,0
DA:114,0
DA:115,0
LF:28
LH:23
BRDA:20,1,0,2
BRDA:20,1,1,2
BRDA:113,2,0,0
BRDA:113,2,1,0
BRDA:113,3,0,0
BRDA:113,3,1,0
BRDA:113,3,2,0
BRF:7
BRH:2
end_of_record
